ERROR - 2022-08-15 12:47:24 --> Error connecting to the database: mysqli_sql_exception: Unknown database 'ci4' in C:\xampp\htdocs\bnsp\system\Database\MySQLi\Connection.php:171
Stack trace:
#0 C:\xampp\htdocs\bnsp\system\Database\MySQLi\Connection.php(171): mysqli->real_connect('localhost', 'root', '', 'ci4', 3306, '', 0)
#1 C:\xampp\htdocs\bnsp\system\Database\BaseConnection.php(382): CodeIgniter\Database\MySQLi\Connection->connect(false)
#2 C:\xampp\htdocs\bnsp\system\Database\BaseConnection.php(588): CodeIgniter\Database\BaseConnection->initialize()
#3 C:\xampp\htdocs\bnsp\system\Database\BaseConnection.php(1380): CodeIgniter\Database\BaseConnection->query('SHOW TABLES FRO...')
#4 C:\xampp\htdocs\bnsp\system\Database\BaseConnection.php(1411): CodeIgniter\Database\BaseConnection->listTables()
#5 C:\xampp\htdocs\bnsp\system\Database\MigrationRunner.php(759): CodeIgniter\Database\BaseConnection->tableExists('migrations')
#6 C:\xampp\htdocs\bnsp\system\Database\MigrationRunner.php(167): CodeIgniter\Database\MigrationRunner->ensureTable()
#7 C:\xampp\htdocs\bnsp\system\Commands\Database\Migrate.php(84): CodeIgniter\Database\MigrationRunner->latest(NULL)
#8 C:\xampp\htdocs\bnsp\system\CLI\Commands.php(63): CodeIgniter\Commands\Database\Migrate->run(Array)
#9 C:\xampp\htdocs\bnsp\system\CLI\CommandRunner.php(65): CodeIgniter\CLI\Commands->run('migrate', Array)
#10 C:\xampp\htdocs\bnsp\system\CLI\CommandRunner.php(51): CodeIgniter\CLI\CommandRunner->index(Array)
#11 C:\xampp\htdocs\bnsp\system\CodeIgniter.php(897): CodeIgniter\CLI\CommandRunner->_remap('index', Array)
#12 C:\xampp\htdocs\bnsp\system\CodeIgniter.php(457): CodeIgniter\CodeIgniter->runController(Object(CodeIgniter\CLI\CommandRunner))
#13 C:\xampp\htdocs\bnsp\system\CodeIgniter.php(336): CodeIgniter\CodeIgniter->handleRequest(NULL, Object(Config\Cache), false)
#14 C:\xampp\htdocs\bnsp\system\CLI\Console.php(48): CodeIgniter\CodeIgniter->run()
#15 C:\xampp\htdocs\bnsp\spark(98): CodeIgniter\CLI\Console->run()
#16 {main}

Next CodeIgniter\Database\Exceptions\DatabaseException: Unknown database 'ci4' in C:\xampp\htdocs\bnsp\system\Database\MySQLi\Connection.php:215
Stack trace:
#0 C:\xampp\htdocs\bnsp\system\Database\BaseConnection.php(382): CodeIgniter\Database\MySQLi\Connection->connect(false)
#1 C:\xampp\htdocs\bnsp\system\Database\BaseConnection.php(588): CodeIgniter\Database\BaseConnection->initialize()
#2 C:\xampp\htdocs\bnsp\system\Database\BaseConnection.php(1380): CodeIgniter\Database\BaseConnection->query('SHOW TABLES FRO...')
#3 C:\xampp\htdocs\bnsp\system\Database\BaseConnection.php(1411): CodeIgniter\Database\BaseConnection->listTables()
#4 C:\xampp\htdocs\bnsp\system\Database\MigrationRunner.php(759): CodeIgniter\Database\BaseConnection->tableExists('migrations')
#5 C:\xampp\htdocs\bnsp\system\Database\MigrationRunner.php(167): CodeIgniter\Database\MigrationRunner->ensureTable()
#6 C:\xampp\htdocs\bnsp\system\Commands\Database\Migrate.php(84): CodeIgniter\Database\MigrationRunner->latest(NULL)
#7 C:\xampp\htdocs\bnsp\system\CLI\Commands.php(63): CodeIgniter\Commands\Database\Migrate->run(Array)
#8 C:\xampp\htdocs\bnsp\system\CLI\CommandRunner.php(65): CodeIgniter\CLI\Commands->run('migrate', Array)
#9 C:\xampp\htdocs\bnsp\system\CLI\CommandRunner.php(51): CodeIgniter\CLI\CommandRunner->index(Array)
#10 C:\xampp\htdocs\bnsp\system\CodeIgniter.php(897): CodeIgniter\CLI\CommandRunner->_remap('index', Array)
#11 C:\xampp\htdocs\bnsp\system\CodeIgniter.php(457): CodeIgniter\CodeIgniter->runController(Object(CodeIgniter\CLI\CommandRunner))
#12 C:\xampp\htdocs\bnsp\system\CodeIgniter.php(336): CodeIgniter\CodeIgniter->handleRequest(NULL, Object(Config\Cache), false)
#13 C:\xampp\htdocs\bnsp\system\CLI\Console.php(48): CodeIgniter\CodeIgniter->run()
#14 C:\xampp\htdocs\bnsp\spark(98): CodeIgniter\CLI\Console->run()
#15 {main}
ERROR - 2022-08-15 13:03:17 --> mysqli_sql_exception: Can't create table `laptop`.`transactions` (errno: 150 "Foreign key constraint is incorrectly formed") in C:\xampp\htdocs\bnsp\system\Database\MySQLi\Connection.php:292
Stack trace:
#0 C:\xampp\htdocs\bnsp\system\Database\MySQLi\Connection.php(292): mysqli->query('CREATE TABLE `t...', 0)
#1 C:\xampp\htdocs\bnsp\system\Database\BaseConnection.php(693): CodeIgniter\Database\MySQLi\Connection->execute('CREATE TABLE `t...')
#2 C:\xampp\htdocs\bnsp\system\Database\BaseConnection.php(620): CodeIgniter\Database\BaseConnection->simpleQuery('CREATE TABLE `t...')
#3 C:\xampp\htdocs\bnsp\system\Database\Forge.php(509): CodeIgniter\Database\BaseConnection->query('CREATE TABLE `t...')
#4 C:\xampp\htdocs\bnsp\app\Database\Migrations\2022-08-15-174948_Transaction.php(29): CodeIgniter\Database\Forge->createTable('transactions')
#5 C:\xampp\htdocs\bnsp\system\Database\MigrationRunner.php(868): App\Database\Migrations\Transaction->up()
#6 C:\xampp\htdocs\bnsp\system\Database\MigrationRunner.php(187): CodeIgniter\Database\MigrationRunner->migrate('up', Object(stdClass))
#7 C:\xampp\htdocs\bnsp\system\Commands\Database\Migrate.php(84): CodeIgniter\Database\MigrationRunner->latest(NULL)
#8 C:\xampp\htdocs\bnsp\system\CLI\Commands.php(63): CodeIgniter\Commands\Database\Migrate->run(Array)
#9 C:\xampp\htdocs\bnsp\system\CLI\CommandRunner.php(65): CodeIgniter\CLI\Commands->run('migrate', Array)
#10 C:\xampp\htdocs\bnsp\system\CLI\CommandRunner.php(51): CodeIgniter\CLI\CommandRunner->index(Array)
#11 C:\xampp\htdocs\bnsp\system\CodeIgniter.php(897): CodeIgniter\CLI\CommandRunner->_remap('index', Array)
#12 C:\xampp\htdocs\bnsp\system\CodeIgniter.php(457): CodeIgniter\CodeIgniter->runController(Object(CodeIgniter\CLI\CommandRunner))
#13 C:\xampp\htdocs\bnsp\system\CodeIgniter.php(336): CodeIgniter\CodeIgniter->handleRequest(NULL, Object(Config\Cache), false)
#14 C:\xampp\htdocs\bnsp\system\CLI\Console.php(48): CodeIgniter\CodeIgniter->run()
#15 C:\xampp\htdocs\bnsp\spark(98): CodeIgniter\CLI\Console->run()
#16 {main}
ERROR - 2022-08-15 13:03:50 --> mysqli_sql_exception: Can't create table `laptop`.`transactions` (errno: 150 "Foreign key constraint is incorrectly formed") in C:\xampp\htdocs\bnsp\system\Database\MySQLi\Connection.php:292
Stack trace:
#0 C:\xampp\htdocs\bnsp\system\Database\MySQLi\Connection.php(292): mysqli->query('CREATE TABLE `t...', 0)
#1 C:\xampp\htdocs\bnsp\system\Database\BaseConnection.php(693): CodeIgniter\Database\MySQLi\Connection->execute('CREATE TABLE `t...')
#2 C:\xampp\htdocs\bnsp\system\Database\BaseConnection.php(620): CodeIgniter\Database\BaseConnection->simpleQuery('CREATE TABLE `t...')
#3 C:\xampp\htdocs\bnsp\system\Database\Forge.php(509): CodeIgniter\Database\BaseConnection->query('CREATE TABLE `t...')
#4 C:\xampp\htdocs\bnsp\app\Database\Migrations\2022-08-15-174948_Transaction.php(29): CodeIgniter\Database\Forge->createTable('transactions')
#5 C:\xampp\htdocs\bnsp\system\Database\MigrationRunner.php(868): App\Database\Migrations\Transaction->up()
#6 C:\xampp\htdocs\bnsp\system\Database\MigrationRunner.php(187): CodeIgniter\Database\MigrationRunner->migrate('up', Object(stdClass))
#7 C:\xampp\htdocs\bnsp\system\Commands\Database\Migrate.php(84): CodeIgniter\Database\MigrationRunner->latest(NULL)
#8 C:\xampp\htdocs\bnsp\system\CLI\Commands.php(63): CodeIgniter\Commands\Database\Migrate->run(Array)
#9 C:\xampp\htdocs\bnsp\system\CLI\BaseCommand.php(112): CodeIgniter\CLI\Commands->run('migrate', Array)
#10 C:\xampp\htdocs\bnsp\system\Commands\Database\MigrateRefresh.php(85): CodeIgniter\CLI\BaseCommand->call('migrate', Array)
#11 C:\xampp\htdocs\bnsp\system\CLI\Commands.php(63): CodeIgniter\Commands\Database\MigrateRefresh->run(Array)
#12 C:\xampp\htdocs\bnsp\system\CLI\CommandRunner.php(65): CodeIgniter\CLI\Commands->run('migrate:refresh', Array)
#13 C:\xampp\htdocs\bnsp\system\CLI\CommandRunner.php(51): CodeIgniter\CLI\CommandRunner->index(Array)
#14 C:\xampp\htdocs\bnsp\system\CodeIgniter.php(897): CodeIgniter\CLI\CommandRunner->_remap('index', Array)
#15 C:\xampp\htdocs\bnsp\system\CodeIgniter.php(457): CodeIgniter\CodeIgniter->runController(Object(CodeIgniter\CLI\CommandRunner))
#16 C:\xampp\htdocs\bnsp\system\CodeIgniter.php(336): CodeIgniter\CodeIgniter->handleRequest(NULL, Object(Config\Cache), false)
#17 C:\xampp\htdocs\bnsp\system\CLI\Console.php(48): CodeIgniter\CodeIgniter->run()
#18 C:\xampp\htdocs\bnsp\spark(98): CodeIgniter\CLI\Console->run()
#19 {main}
ERROR - 2022-08-15 13:04:06 --> mysqli_sql_exception: Can't create table `laptop`.`transactions` (errno: 150 "Foreign key constraint is incorrectly formed") in C:\xampp\htdocs\bnsp\system\Database\MySQLi\Connection.php:292
Stack trace:
#0 C:\xampp\htdocs\bnsp\system\Database\MySQLi\Connection.php(292): mysqli->query('CREATE TABLE `t...', 0)
#1 C:\xampp\htdocs\bnsp\system\Database\BaseConnection.php(693): CodeIgniter\Database\MySQLi\Connection->execute('CREATE TABLE `t...')
#2 C:\xampp\htdocs\bnsp\system\Database\BaseConnection.php(620): CodeIgniter\Database\BaseConnection->simpleQuery('CREATE TABLE `t...')
#3 C:\xampp\htdocs\bnsp\system\Database\Forge.php(509): CodeIgniter\Database\BaseConnection->query('CREATE TABLE `t...')
#4 C:\xampp\htdocs\bnsp\app\Database\Migrations\2022-08-15-174948_Transaction.php(29): CodeIgniter\Database\Forge->createTable('transactions')
#5 C:\xampp\htdocs\bnsp\system\Database\MigrationRunner.php(868): App\Database\Migrations\Transaction->up()
#6 C:\xampp\htdocs\bnsp\system\Database\MigrationRunner.php(187): CodeIgniter\Database\MigrationRunner->migrate('up', Object(stdClass))
#7 C:\xampp\htdocs\bnsp\system\Commands\Database\Migrate.php(84): CodeIgniter\Database\MigrationRunner->latest(NULL)
#8 C:\xampp\htdocs\bnsp\system\CLI\Commands.php(63): CodeIgniter\Commands\Database\Migrate->run(Array)
#9 C:\xampp\htdocs\bnsp\system\CLI\CommandRunner.php(65): CodeIgniter\CLI\Commands->run('migrate', Array)
#10 C:\xampp\htdocs\bnsp\system\CLI\CommandRunner.php(51): CodeIgniter\CLI\CommandRunner->index(Array)
#11 C:\xampp\htdocs\bnsp\system\CodeIgniter.php(897): CodeIgniter\CLI\CommandRunner->_remap('index', Array)
#12 C:\xampp\htdocs\bnsp\system\CodeIgniter.php(457): CodeIgniter\CodeIgniter->runController(Object(CodeIgniter\CLI\CommandRunner))
#13 C:\xampp\htdocs\bnsp\system\CodeIgniter.php(336): CodeIgniter\CodeIgniter->handleRequest(NULL, Object(Config\Cache), false)
#14 C:\xampp\htdocs\bnsp\system\CLI\Console.php(48): CodeIgniter\CodeIgniter->run()
#15 C:\xampp\htdocs\bnsp\spark(98): CodeIgniter\CLI\Console->run()
#16 {main}
CRITICAL - 2022-08-15 14:08:34 --> Undefined variable $validasi
in APPPATH\Views\admin\product-add.php on line 38.
 1 APPPATH\Views\admin\product-add.php(38): CodeIgniter\Debug\Exceptions->errorHandler(2, 'Undefined variable $validasi', 'APPPATH\\Views\\admin\\product-add.php', 38)
 2 SYSTEMPATH\View\View.php(213): include('APPPATH\\Views\\admin\\product-add.php')
 3 SYSTEMPATH\View\View.php(216): CodeIgniter\View\View->CodeIgniter\View\{closure}()
 4 SYSTEMPATH\Common.php(1137): CodeIgniter\View\View->render('admin/product-add', [], true)
 5 APPPATH\Controllers\Admin\Product.php(30): view('admin/product-add', [...])
 6 SYSTEMPATH\CodeIgniter.php(904): App\Controllers\Admin\Product->add()
 7 SYSTEMPATH\CodeIgniter.php(457): CodeIgniter\CodeIgniter->runController(Object(App\Controllers\Admin\Product))
 8 SYSTEMPATH\CodeIgniter.php(340): CodeIgniter\CodeIgniter->handleRequest(null, Object(Config\Cache), false)
 9 FCPATH\index.php(67): CodeIgniter\CodeIgniter->run()
10 SYSTEMPATH\Commands\Server\rewrite.php(43): require_once('FCPATH\\index.php')
CRITICAL - 2022-08-15 14:58:28 --> Too few arguments to function App\Controllers\User\Cart::add(), 0 passed in C:\xampp\htdocs\bnsp\system\CodeIgniter.php on line 904 and exactly 1 expected
in APPPATH\Controllers\User\Cart.php on line 27.
 1 SYSTEMPATH\CodeIgniter.php(904): App\Controllers\User\Cart->add()
 2 SYSTEMPATH\CodeIgniter.php(457): CodeIgniter\CodeIgniter->runController(Object(App\Controllers\User\Cart))
 3 SYSTEMPATH\CodeIgniter.php(340): CodeIgniter\CodeIgniter->handleRequest(null, Object(Config\Cache), false)
 4 FCPATH\index.php(67): CodeIgniter\CodeIgniter->run()
 5 SYSTEMPATH\Commands\Server\rewrite.php(43): require_once('FCPATH\\index.php')
CRITICAL - 2022-08-15 14:59:14 --> Invalid file: user/cart.php
in SYSTEMPATH\Exceptions\FrameworkException.php on line 33.
 1 SYSTEMPATH\View\View.php(201): CodeIgniter\Exceptions\FrameworkException::forInvalidFile('user/cart.php')
 2 SYSTEMPATH\Common.php(1137): CodeIgniter\View\View->render('user/cart', [], true)
 3 APPPATH\Controllers\User\Cart.php(23): view('user/cart', [...])
 4 SYSTEMPATH\CodeIgniter.php(904): App\Controllers\User\Cart->index()
 5 SYSTEMPATH\CodeIgniter.php(457): CodeIgniter\CodeIgniter->runController(Object(App\Controllers\User\Cart))
 6 SYSTEMPATH\CodeIgniter.php(340): CodeIgniter\CodeIgniter->handleRequest(null, Object(Config\Cache), false)
 7 FCPATH\index.php(67): CodeIgniter\CodeIgniter->run()
 8 SYSTEMPATH\Commands\Server\rewrite.php(43): require_once('FCPATH\\index.php')
CRITICAL - 2022-08-15 15:22:21 --> Undefined property: App\Controllers\Auth::$userModel
in APPPATH\Controllers\Auth.php on line 53.
 1 APPPATH\Controllers\Auth.php(53): CodeIgniter\Debug\Exceptions->errorHandler(2, 'Undefined property: App\\Controllers\\Auth::$userModel', 'APPPATH\\Controllers\\Auth.php', 53)
 2 SYSTEMPATH\CodeIgniter.php(904): App\Controllers\Auth->login()
 3 SYSTEMPATH\CodeIgniter.php(457): CodeIgniter\CodeIgniter->runController(Object(App\Controllers\Auth))
 4 SYSTEMPATH\CodeIgniter.php(340): CodeIgniter\CodeIgniter->handleRequest(null, Object(Config\Cache), false)
 5 FCPATH\index.php(67): CodeIgniter\CodeIgniter->run()
 6 SYSTEMPATH\Commands\Server\rewrite.php(43): require_once('FCPATH\\index.php')
ERROR - 2022-08-15 15:37:24 --> mysqli_sql_exception: Unknown column '-carts.id' in 'field list' in C:\xampp\htdocs\bnsp\system\Database\MySQLi\Connection.php:292
Stack trace:
#0 C:\xampp\htdocs\bnsp\system\Database\MySQLi\Connection.php(292): mysqli->query('SELECT `-carts`...', 0)
#1 C:\xampp\htdocs\bnsp\system\Database\BaseConnection.php(693): CodeIgniter\Database\MySQLi\Connection->execute('SELECT `-carts`...')
#2 C:\xampp\htdocs\bnsp\system\Database\BaseConnection.php(620): CodeIgniter\Database\BaseConnection->simpleQuery('SELECT `-carts`...')
#3 C:\xampp\htdocs\bnsp\system\Database\BaseBuilder.php(1585): CodeIgniter\Database\BaseConnection->query('SELECT `-carts`...', Array, false)
#4 C:\xampp\htdocs\bnsp\system\Model.php(222): CodeIgniter\Database\BaseBuilder->get()
#5 C:\xampp\htdocs\bnsp\system\BaseModel.php(584): CodeIgniter\Model->doFindAll(0, 0)
#6 C:\xampp\htdocs\bnsp\app\Models\CartModel.php(23): CodeIgniter\BaseModel->findAll()
#7 C:\xampp\htdocs\bnsp\app\Controllers\User\Cart.php(23): App\Models\CartModel->findByUser(1)
#8 C:\xampp\htdocs\bnsp\system\CodeIgniter.php(904): App\Controllers\User\Cart->index()
#9 C:\xampp\htdocs\bnsp\system\CodeIgniter.php(457): CodeIgniter\CodeIgniter->runController(Object(App\Controllers\User\Cart))
#10 C:\xampp\htdocs\bnsp\system\CodeIgniter.php(340): CodeIgniter\CodeIgniter->handleRequest(NULL, Object(Config\Cache), false)
#11 C:\xampp\htdocs\bnsp\public\index.php(67): CodeIgniter\CodeIgniter->run()
#12 C:\xampp\htdocs\bnsp\system\Commands\Server\rewrite.php(43): require_once('C:\\xampp\\htdocs...')
#13 {main}
CRITICAL - 2022-08-15 15:37:24 --> Unknown column '-carts.id' in 'field list'
in SYSTEMPATH\Database\MySQLi\Connection.php on line 292.
 1 SYSTEMPATH\Database\MySQLi\Connection.php(292): mysqli->query('SELECT `-carts`.`id`
FROM `carts`
JOIN `products` ON `carts`.`id_product`=`products`.`id`
WHERE `id_user` = 1', 0)
 2 SYSTEMPATH\Database\BaseConnection.php(693): CodeIgniter\Database\MySQLi\Connection->execute('SELECT `-carts`.`id`
FROM `carts`
JOIN `products` ON `carts`.`id_product`=`products`.`id`
WHERE `id_user` = 1')
 3 SYSTEMPATH\Database\BaseConnection.php(620): CodeIgniter\Database\BaseConnection->simpleQuery('SELECT `-carts`.`id`
FROM `carts`
JOIN `products` ON `carts`.`id_product`=`products`.`id`
WHERE `id_user` = 1')
 4 SYSTEMPATH\Database\BaseBuilder.php(1585): CodeIgniter\Database\BaseConnection->query('SELECT `-carts`.`id`
FROM `carts`
JOIN `products` ON `carts`.`id_product`=`products`.`id`
WHERE `id_user` = :id_user:', [...], false)
 5 SYSTEMPATH\Model.php(222): CodeIgniter\Database\BaseBuilder->get()
 6 SYSTEMPATH\BaseModel.php(584): CodeIgniter\Model->doFindAll(0, 0)
 7 APPPATH\Models\CartModel.php(23): CodeIgniter\BaseModel->findAll()
 8 APPPATH\Controllers\User\Cart.php(23): App\Models\CartModel->findByUser(1)
 9 SYSTEMPATH\CodeIgniter.php(904): App\Controllers\User\Cart->index()
10 SYSTEMPATH\CodeIgniter.php(457): CodeIgniter\CodeIgniter->runController(Object(App\Controllers\User\Cart))
11 SYSTEMPATH\CodeIgniter.php(340): CodeIgniter\CodeIgniter->handleRequest(null, Object(Config\Cache), false)
12 FCPATH\index.php(67): CodeIgniter\CodeIgniter->run()
13 SYSTEMPATH\Commands\Server\rewrite.php(43): require_once('FCPATH\\index.php')
ERROR - 2022-08-15 15:38:09 --> mysqli_sql_exception: Unknown column 'carts.id title desription price id_product' in 'field list' in C:\xampp\htdocs\bnsp\system\Database\MySQLi\Connection.php:292
Stack trace:
#0 C:\xampp\htdocs\bnsp\system\Database\MySQLi\Connection.php(292): mysqli->query('SELECT `carts`....', 0)
#1 C:\xampp\htdocs\bnsp\system\Database\BaseConnection.php(693): CodeIgniter\Database\MySQLi\Connection->execute('SELECT `carts`....')
#2 C:\xampp\htdocs\bnsp\system\Database\BaseConnection.php(620): CodeIgniter\Database\BaseConnection->simpleQuery('SELECT `carts`....')
#3 C:\xampp\htdocs\bnsp\system\Database\BaseBuilder.php(1585): CodeIgniter\Database\BaseConnection->query('SELECT `carts`....', Array, false)
#4 C:\xampp\htdocs\bnsp\system\Model.php(222): CodeIgniter\Database\BaseBuilder->get()
#5 C:\xampp\htdocs\bnsp\system\BaseModel.php(584): CodeIgniter\Model->doFindAll(0, 0)
#6 C:\xampp\htdocs\bnsp\app\Models\CartModel.php(23): CodeIgniter\BaseModel->findAll()
#7 C:\xampp\htdocs\bnsp\app\Controllers\User\Cart.php(23): App\Models\CartModel->findByUser(1)
#8 C:\xampp\htdocs\bnsp\system\CodeIgniter.php(904): App\Controllers\User\Cart->index()
#9 C:\xampp\htdocs\bnsp\system\CodeIgniter.php(457): CodeIgniter\CodeIgniter->runController(Object(App\Controllers\User\Cart))
#10 C:\xampp\htdocs\bnsp\system\CodeIgniter.php(340): CodeIgniter\CodeIgniter->handleRequest(NULL, Object(Config\Cache), false)
#11 C:\xampp\htdocs\bnsp\public\index.php(67): CodeIgniter\CodeIgniter->run()
#12 C:\xampp\htdocs\bnsp\system\Commands\Server\rewrite.php(43): require_once('C:\\xampp\\htdocs...')
#13 {main}
CRITICAL - 2022-08-15 15:38:09 --> Unknown column 'carts.id title desription price id_product' in 'field list'
in SYSTEMPATH\Database\MySQLi\Connection.php on line 292.
 1 SYSTEMPATH\Database\MySQLi\Connection.php(292): mysqli->query('SELECT `carts`.`id title desription price id_product` `thumbnail`
FROM `carts`
JOIN `products` ON `carts`.`id_product`=`products`.`id`
WHERE `id_user` = 1', 0)
 2 SYSTEMPATH\Database\BaseConnection.php(693): CodeIgniter\Database\MySQLi\Connection->execute('SELECT `carts`.`id title desription price id_product` `thumbnail`
FROM `carts`
JOIN `products` ON `carts`.`id_product`=`products`.`id`
WHERE `id_user` = 1')
 3 SYSTEMPATH\Database\BaseConnection.php(620): CodeIgniter\Database\BaseConnection->simpleQuery('SELECT `carts`.`id title desription price id_product` `thumbnail`
FROM `carts`
JOIN `products` ON `carts`.`id_product`=`products`.`id`
WHERE `id_user` = 1')
 4 SYSTEMPATH\Database\BaseBuilder.php(1585): CodeIgniter\Database\BaseConnection->query('SELECT `carts`.`id title desription price id_product` `thumbnail`
FROM `carts`
JOIN `products` ON `carts`.`id_product`=`products`.`id`
WHERE `id_user` = :id_user:', [...], false)
 5 SYSTEMPATH\Model.php(222): CodeIgniter\Database\BaseBuilder->get()
 6 SYSTEMPATH\BaseModel.php(584): CodeIgniter\Model->doFindAll(0, 0)
 7 APPPATH\Models\CartModel.php(23): CodeIgniter\BaseModel->findAll()
 8 APPPATH\Controllers\User\Cart.php(23): App\Models\CartModel->findByUser(1)
 9 SYSTEMPATH\CodeIgniter.php(904): App\Controllers\User\Cart->index()
10 SYSTEMPATH\CodeIgniter.php(457): CodeIgniter\CodeIgniter->runController(Object(App\Controllers\User\Cart))
11 SYSTEMPATH\CodeIgniter.php(340): CodeIgniter\CodeIgniter->handleRequest(null, Object(Config\Cache), false)
12 FCPATH\index.php(67): CodeIgniter\CodeIgniter->run()
13 SYSTEMPATH\Commands\Server\rewrite.php(43): require_once('FCPATH\\index.php')
ERROR - 2022-08-15 15:38:38 --> mysqli_sql_exception: You have an error in your SQL syntax; check the manual that corresponds to your MariaDB server version for the right syntax to use near '.`desription products`.`price products`.`id_product` `products`.`thumbnail`
F...' at line 1 in C:\xampp\htdocs\bnsp\system\Database\MySQLi\Connection.php:292
Stack trace:
#0 C:\xampp\htdocs\bnsp\system\Database\MySQLi\Connection.php(292): mysqli->query('SELECT `carts`....', 0)
#1 C:\xampp\htdocs\bnsp\system\Database\BaseConnection.php(693): CodeIgniter\Database\MySQLi\Connection->execute('SELECT `carts`....')
#2 C:\xampp\htdocs\bnsp\system\Database\BaseConnection.php(620): CodeIgniter\Database\BaseConnection->simpleQuery('SELECT `carts`....')
#3 C:\xampp\htdocs\bnsp\system\Database\BaseBuilder.php(1585): CodeIgniter\Database\BaseConnection->query('SELECT `carts`....', Array, false)
#4 C:\xampp\htdocs\bnsp\system\Model.php(222): CodeIgniter\Database\BaseBuilder->get()
#5 C:\xampp\htdocs\bnsp\system\BaseModel.php(584): CodeIgniter\Model->doFindAll(0, 0)
#6 C:\xampp\htdocs\bnsp\app\Models\CartModel.php(23): CodeIgniter\BaseModel->findAll()
#7 C:\xampp\htdocs\bnsp\app\Controllers\User\Cart.php(23): App\Models\CartModel->findByUser(1)
#8 C:\xampp\htdocs\bnsp\system\CodeIgniter.php(904): App\Controllers\User\Cart->index()
#9 C:\xampp\htdocs\bnsp\system\CodeIgniter.php(457): CodeIgniter\CodeIgniter->runController(Object(App\Controllers\User\Cart))
#10 C:\xampp\htdocs\bnsp\system\CodeIgniter.php(340): CodeIgniter\CodeIgniter->handleRequest(NULL, Object(Config\Cache), false)
#11 C:\xampp\htdocs\bnsp\public\index.php(67): CodeIgniter\CodeIgniter->run()
#12 C:\xampp\htdocs\bnsp\system\Commands\Server\rewrite.php(43): require_once('C:\\xampp\\htdocs...')
#13 {main}
CRITICAL - 2022-08-15 15:38:38 --> You have an error in your SQL syntax; check the manual that corresponds to your MariaDB server version for the right syntax to use near '.`desription products`.`price products`.`id_product` `products`.`thumbnail`
F...' at line 1
in SYSTEMPATH\Database\MySQLi\Connection.php on line 292.
 1 SYSTEMPATH\Database\MySQLi\Connection.php(292): mysqli->query('SELECT `carts`.`id products`.`title products`.`desription products`.`price products`.`id_product` `products`.`thumbnail`
FROM `carts`
JOIN `products` ON `carts`.`id_product`=`products`.`id`
WHERE `id_user` = 1', 0)
 2 SYSTEMPATH\Database\BaseConnection.php(693): CodeIgniter\Database\MySQLi\Connection->execute('SELECT `carts`.`id products`.`title products`.`desription products`.`price products`.`id_product` `products`.`thumbnail`
FROM `carts`
JOIN `products` ON `carts`.`id_product`=`products`.`id`
WHERE `id_user` = 1')
 3 SYSTEMPATH\Database\BaseConnection.php(620): CodeIgniter\Database\BaseConnection->simpleQuery('SELECT `carts`.`id products`.`title products`.`desription products`.`price products`.`id_product` `products`.`thumbnail`
FROM `carts`
JOIN `products` ON `carts`.`id_product`=`products`.`id`
WHERE `id_user` = 1')
 4 SYSTEMPATH\Database\BaseBuilder.php(1585): CodeIgniter\Database\BaseConnection->query('SELECT `carts`.`id products`.`title products`.`desription products`.`price products`.`id_product` `products`.`thumbnail`
FROM `carts`
JOIN `products` ON `carts`.`id_product`=`products`.`id`
WHERE `id_user` = :id_user:', [...], false)
 5 SYSTEMPATH\Model.php(222): CodeIgniter\Database\BaseBuilder->get()
 6 SYSTEMPATH\BaseModel.php(584): CodeIgniter\Model->doFindAll(0, 0)
 7 APPPATH\Models\CartModel.php(23): CodeIgniter\BaseModel->findAll()
 8 APPPATH\Controllers\User\Cart.php(23): App\Models\CartModel->findByUser(1)
 9 SYSTEMPATH\CodeIgniter.php(904): App\Controllers\User\Cart->index()
10 SYSTEMPATH\CodeIgniter.php(457): CodeIgniter\CodeIgniter->runController(Object(App\Controllers\User\Cart))
11 SYSTEMPATH\CodeIgniter.php(340): CodeIgniter\CodeIgniter->handleRequest(null, Object(Config\Cache), false)
12 FCPATH\index.php(67): CodeIgniter\CodeIgniter->run()
13 SYSTEMPATH\Commands\Server\rewrite.php(43): require_once('FCPATH\\index.php')
ERROR - 2022-08-15 15:38:55 --> mysqli_sql_exception: You have an error in your SQL syntax; check the manual that corresponds to your MariaDB server version for the right syntax to use near '.`description products`.`price products`.`id_product` `products`.`thumbnail`
...' at line 1 in C:\xampp\htdocs\bnsp\system\Database\MySQLi\Connection.php:292
Stack trace:
#0 C:\xampp\htdocs\bnsp\system\Database\MySQLi\Connection.php(292): mysqli->query('SELECT `carts`....', 0)
#1 C:\xampp\htdocs\bnsp\system\Database\BaseConnection.php(693): CodeIgniter\Database\MySQLi\Connection->execute('SELECT `carts`....')
#2 C:\xampp\htdocs\bnsp\system\Database\BaseConnection.php(620): CodeIgniter\Database\BaseConnection->simpleQuery('SELECT `carts`....')
#3 C:\xampp\htdocs\bnsp\system\Database\BaseBuilder.php(1585): CodeIgniter\Database\BaseConnection->query('SELECT `carts`....', Array, false)
#4 C:\xampp\htdocs\bnsp\system\Model.php(222): CodeIgniter\Database\BaseBuilder->get()
#5 C:\xampp\htdocs\bnsp\system\BaseModel.php(584): CodeIgniter\Model->doFindAll(0, 0)
#6 C:\xampp\htdocs\bnsp\app\Models\CartModel.php(23): CodeIgniter\BaseModel->findAll()
#7 C:\xampp\htdocs\bnsp\app\Controllers\User\Cart.php(23): App\Models\CartModel->findByUser(1)
#8 C:\xampp\htdocs\bnsp\system\CodeIgniter.php(904): App\Controllers\User\Cart->index()
#9 C:\xampp\htdocs\bnsp\system\CodeIgniter.php(457): CodeIgniter\CodeIgniter->runController(Object(App\Controllers\User\Cart))
#10 C:\xampp\htdocs\bnsp\system\CodeIgniter.php(340): CodeIgniter\CodeIgniter->handleRequest(NULL, Object(Config\Cache), false)
#11 C:\xampp\htdocs\bnsp\public\index.php(67): CodeIgniter\CodeIgniter->run()
#12 C:\xampp\htdocs\bnsp\system\Commands\Server\rewrite.php(43): require_once('C:\\xampp\\htdocs...')
#13 {main}
CRITICAL - 2022-08-15 15:38:55 --> You have an error in your SQL syntax; check the manual that corresponds to your MariaDB server version for the right syntax to use near '.`description products`.`price products`.`id_product` `products`.`thumbnail`
...' at line 1
in SYSTEMPATH\Database\MySQLi\Connection.php on line 292.
 1 SYSTEMPATH\Database\MySQLi\Connection.php(292): mysqli->query('SELECT `carts`.`id products`.`title products`.`description products`.`price products`.`id_product` `products`.`thumbnail`
FROM `carts`
JOIN `products` ON `carts`.`id_product`=`products`.`id`
WHERE `id_user` = 1', 0)
 2 SYSTEMPATH\Database\BaseConnection.php(693): CodeIgniter\Database\MySQLi\Connection->execute('SELECT `carts`.`id products`.`title products`.`description products`.`price products`.`id_product` `products`.`thumbnail`
FROM `carts`
JOIN `products` ON `carts`.`id_product`=`products`.`id`
WHERE `id_user` = 1')
 3 SYSTEMPATH\Database\BaseConnection.php(620): CodeIgniter\Database\BaseConnection->simpleQuery('SELECT `carts`.`id products`.`title products`.`description products`.`price products`.`id_product` `products`.`thumbnail`
FROM `carts`
JOIN `products` ON `carts`.`id_product`=`products`.`id`
WHERE `id_user` = 1')
 4 SYSTEMPATH\Database\BaseBuilder.php(1585): CodeIgniter\Database\BaseConnection->query('SELECT `carts`.`id products`.`title products`.`description products`.`price products`.`id_product` `products`.`thumbnail`
FROM `carts`
JOIN `products` ON `carts`.`id_product`=`products`.`id`
WHERE `id_user` = :id_user:', [...], false)
 5 SYSTEMPATH\Model.php(222): CodeIgniter\Database\BaseBuilder->get()
 6 SYSTEMPATH\BaseModel.php(584): CodeIgniter\Model->doFindAll(0, 0)
 7 APPPATH\Models\CartModel.php(23): CodeIgniter\BaseModel->findAll()
 8 APPPATH\Controllers\User\Cart.php(23): App\Models\CartModel->findByUser(1)
 9 SYSTEMPATH\CodeIgniter.php(904): App\Controllers\User\Cart->index()
10 SYSTEMPATH\CodeIgniter.php(457): CodeIgniter\CodeIgniter->runController(Object(App\Controllers\User\Cart))
11 SYSTEMPATH\CodeIgniter.php(340): CodeIgniter\CodeIgniter->handleRequest(null, Object(Config\Cache), false)
12 FCPATH\index.php(67): CodeIgniter\CodeIgniter->run()
13 SYSTEMPATH\Commands\Server\rewrite.php(43): require_once('FCPATH\\index.php')
ERROR - 2022-08-15 15:39:27 --> mysqli_sql_exception: Unknown column 'carts.id title' in 'field list' in C:\xampp\htdocs\bnsp\system\Database\MySQLi\Connection.php:292
Stack trace:
#0 C:\xampp\htdocs\bnsp\system\Database\MySQLi\Connection.php(292): mysqli->query('SELECT `carts`....', 0)
#1 C:\xampp\htdocs\bnsp\system\Database\BaseConnection.php(693): CodeIgniter\Database\MySQLi\Connection->execute('SELECT `carts`....')
#2 C:\xampp\htdocs\bnsp\system\Database\BaseConnection.php(620): CodeIgniter\Database\BaseConnection->simpleQuery('SELECT `carts`....')
#3 C:\xampp\htdocs\bnsp\system\Database\BaseBuilder.php(1585): CodeIgniter\Database\BaseConnection->query('SELECT `carts`....', Array, false)
#4 C:\xampp\htdocs\bnsp\system\Model.php(222): CodeIgniter\Database\BaseBuilder->get()
#5 C:\xampp\htdocs\bnsp\system\BaseModel.php(584): CodeIgniter\Model->doFindAll(0, 0)
#6 C:\xampp\htdocs\bnsp\app\Models\CartModel.php(23): CodeIgniter\BaseModel->findAll()
#7 C:\xampp\htdocs\bnsp\app\Controllers\User\Cart.php(23): App\Models\CartModel->findByUser(1)
#8 C:\xampp\htdocs\bnsp\system\CodeIgniter.php(904): App\Controllers\User\Cart->index()
#9 C:\xampp\htdocs\bnsp\system\CodeIgniter.php(457): CodeIgniter\CodeIgniter->runController(Object(App\Controllers\User\Cart))
#10 C:\xampp\htdocs\bnsp\system\CodeIgniter.php(340): CodeIgniter\CodeIgniter->handleRequest(NULL, Object(Config\Cache), false)
#11 C:\xampp\htdocs\bnsp\public\index.php(67): CodeIgniter\CodeIgniter->run()
#12 C:\xampp\htdocs\bnsp\system\Commands\Server\rewrite.php(43): require_once('C:\\xampp\\htdocs...')
#13 {main}
CRITICAL - 2022-08-15 15:39:27 --> Unknown column 'carts.id title' in 'field list'
in SYSTEMPATH\Database\MySQLi\Connection.php on line 292.
 1 SYSTEMPATH\Database\MySQLi\Connection.php(292): mysqli->query('SELECT `carts`.`id title` `decription`
FROM `carts`
JOIN `products` ON `carts`.`id_product`=`products`.`id`
WHERE `id_user` = 1', 0)
 2 SYSTEMPATH\Database\BaseConnection.php(693): CodeIgniter\Database\MySQLi\Connection->execute('SELECT `carts`.`id title` `decription`
FROM `carts`
JOIN `products` ON `carts`.`id_product`=`products`.`id`
WHERE `id_user` = 1')
 3 SYSTEMPATH\Database\BaseConnection.php(620): CodeIgniter\Database\BaseConnection->simpleQuery('SELECT `carts`.`id title` `decription`
FROM `carts`
JOIN `products` ON `carts`.`id_product`=`products`.`id`
WHERE `id_user` = 1')
 4 SYSTEMPATH\Database\BaseBuilder.php(1585): CodeIgniter\Database\BaseConnection->query('SELECT `carts`.`id title` `decription`
FROM `carts`
JOIN `products` ON `carts`.`id_product`=`products`.`id`
WHERE `id_user` = :id_user:', [...], false)
 5 SYSTEMPATH\Model.php(222): CodeIgniter\Database\BaseBuilder->get()
 6 SYSTEMPATH\BaseModel.php(584): CodeIgniter\Model->doFindAll(0, 0)
 7 APPPATH\Models\CartModel.php(23): CodeIgniter\BaseModel->findAll()
 8 APPPATH\Controllers\User\Cart.php(23): App\Models\CartModel->findByUser(1)
 9 SYSTEMPATH\CodeIgniter.php(904): App\Controllers\User\Cart->index()
10 SYSTEMPATH\CodeIgniter.php(457): CodeIgniter\CodeIgniter->runController(Object(App\Controllers\User\Cart))
11 SYSTEMPATH\CodeIgniter.php(340): CodeIgniter\CodeIgniter->handleRequest(null, Object(Config\Cache), false)
12 FCPATH\index.php(67): CodeIgniter\CodeIgniter->run()
13 SYSTEMPATH\Commands\Server\rewrite.php(43): require_once('FCPATH\\index.php')
ERROR - 2022-08-15 15:40:11 --> mysqli_sql_exception: Unknown column 'carts.id title desription' in 'field list' in C:\xampp\htdocs\bnsp\system\Database\MySQLi\Connection.php:292
Stack trace:
#0 C:\xampp\htdocs\bnsp\system\Database\MySQLi\Connection.php(292): mysqli->query('SELECT `carts`....', 0)
#1 C:\xampp\htdocs\bnsp\system\Database\BaseConnection.php(693): CodeIgniter\Database\MySQLi\Connection->execute('SELECT `carts`....')
#2 C:\xampp\htdocs\bnsp\system\Database\BaseConnection.php(620): CodeIgniter\Database\BaseConnection->simpleQuery('SELECT `carts`....')
#3 C:\xampp\htdocs\bnsp\system\Database\BaseBuilder.php(1585): CodeIgniter\Database\BaseConnection->query('SELECT `carts`....', Array, false)
#4 C:\xampp\htdocs\bnsp\system\Model.php(222): CodeIgniter\Database\BaseBuilder->get()
#5 C:\xampp\htdocs\bnsp\system\BaseModel.php(584): CodeIgniter\Model->doFindAll(0, 0)
#6 C:\xampp\htdocs\bnsp\app\Models\CartModel.php(23): CodeIgniter\BaseModel->findAll()
#7 C:\xampp\htdocs\bnsp\app\Controllers\User\Cart.php(23): App\Models\CartModel->findByUser(1)
#8 C:\xampp\htdocs\bnsp\system\CodeIgniter.php(904): App\Controllers\User\Cart->index()
#9 C:\xampp\htdocs\bnsp\system\CodeIgniter.php(457): CodeIgniter\CodeIgniter->runController(Object(App\Controllers\User\Cart))
#10 C:\xampp\htdocs\bnsp\system\CodeIgniter.php(340): CodeIgniter\CodeIgniter->handleRequest(NULL, Object(Config\Cache), false)
#11 C:\xampp\htdocs\bnsp\public\index.php(67): CodeIgniter\CodeIgniter->run()
#12 C:\xampp\htdocs\bnsp\system\Commands\Server\rewrite.php(43): require_once('C:\\xampp\\htdocs...')
#13 {main}
CRITICAL - 2022-08-15 15:40:11 --> Unknown column 'carts.id title desription' in 'field list'
in SYSTEMPATH\Database\MySQLi\Connection.php on line 292.
 1 SYSTEMPATH\Database\MySQLi\Connection.php(292): mysqli->query('SELECT `carts`.`id title desription` `pric`
FROM `carts`
JOIN `products` ON `carts`.`id_product`=`products`.`id`
WHERE `id_user` = 1', 0)
 2 SYSTEMPATH\Database\BaseConnection.php(693): CodeIgniter\Database\MySQLi\Connection->execute('SELECT `carts`.`id title desription` `pric`
FROM `carts`
JOIN `products` ON `carts`.`id_product`=`products`.`id`
WHERE `id_user` = 1')
 3 SYSTEMPATH\Database\BaseConnection.php(620): CodeIgniter\Database\BaseConnection->simpleQuery('SELECT `carts`.`id title desription` `pric`
FROM `carts`
JOIN `products` ON `carts`.`id_product`=`products`.`id`
WHERE `id_user` = 1')
 4 SYSTEMPATH\Database\BaseBuilder.php(1585): CodeIgniter\Database\BaseConnection->query('SELECT `carts`.`id title desription` `pric`
FROM `carts`
JOIN `products` ON `carts`.`id_product`=`products`.`id`
WHERE `id_user` = :id_user:', [...], false)
 5 SYSTEMPATH\Model.php(222): CodeIgniter\Database\BaseBuilder->get()
 6 SYSTEMPATH\BaseModel.php(584): CodeIgniter\Model->doFindAll(0, 0)
 7 APPPATH\Models\CartModel.php(23): CodeIgniter\BaseModel->findAll()
 8 APPPATH\Controllers\User\Cart.php(23): App\Models\CartModel->findByUser(1)
 9 SYSTEMPATH\CodeIgniter.php(904): App\Controllers\User\Cart->index()
10 SYSTEMPATH\CodeIgniter.php(457): CodeIgniter\CodeIgniter->runController(Object(App\Controllers\User\Cart))
11 SYSTEMPATH\CodeIgniter.php(340): CodeIgniter\CodeIgniter->handleRequest(null, Object(Config\Cache), false)
12 FCPATH\index.php(67): CodeIgniter\CodeIgniter->run()
13 SYSTEMPATH\Commands\Server\rewrite.php(43): require_once('FCPATH\\index.php')
ERROR - 2022-08-15 15:40:18 --> mysqli_sql_exception: Unknown column 'carts.id title description' in 'field list' in C:\xampp\htdocs\bnsp\system\Database\MySQLi\Connection.php:292
Stack trace:
#0 C:\xampp\htdocs\bnsp\system\Database\MySQLi\Connection.php(292): mysqli->query('SELECT `carts`....', 0)
#1 C:\xampp\htdocs\bnsp\system\Database\BaseConnection.php(693): CodeIgniter\Database\MySQLi\Connection->execute('SELECT `carts`....')
#2 C:\xampp\htdocs\bnsp\system\Database\BaseConnection.php(620): CodeIgniter\Database\BaseConnection->simpleQuery('SELECT `carts`....')
#3 C:\xampp\htdocs\bnsp\system\Database\BaseBuilder.php(1585): CodeIgniter\Database\BaseConnection->query('SELECT `carts`....', Array, false)
#4 C:\xampp\htdocs\bnsp\system\Model.php(222): CodeIgniter\Database\BaseBuilder->get()
#5 C:\xampp\htdocs\bnsp\system\BaseModel.php(584): CodeIgniter\Model->doFindAll(0, 0)
#6 C:\xampp\htdocs\bnsp\app\Models\CartModel.php(23): CodeIgniter\BaseModel->findAll()
#7 C:\xampp\htdocs\bnsp\app\Controllers\User\Cart.php(23): App\Models\CartModel->findByUser(1)
#8 C:\xampp\htdocs\bnsp\system\CodeIgniter.php(904): App\Controllers\User\Cart->index()
#9 C:\xampp\htdocs\bnsp\system\CodeIgniter.php(457): CodeIgniter\CodeIgniter->runController(Object(App\Controllers\User\Cart))
#10 C:\xampp\htdocs\bnsp\system\CodeIgniter.php(340): CodeIgniter\CodeIgniter->handleRequest(NULL, Object(Config\Cache), false)
#11 C:\xampp\htdocs\bnsp\public\index.php(67): CodeIgniter\CodeIgniter->run()
#12 C:\xampp\htdocs\bnsp\system\Commands\Server\rewrite.php(43): require_once('C:\\xampp\\htdocs...')
#13 {main}
CRITICAL - 2022-08-15 15:40:18 --> Unknown column 'carts.id title description' in 'field list'
in SYSTEMPATH\Database\MySQLi\Connection.php on line 292.
 1 SYSTEMPATH\Database\MySQLi\Connection.php(292): mysqli->query('SELECT `carts`.`id title description` `price`
FROM `carts`
JOIN `products` ON `carts`.`id_product`=`products`.`id`
WHERE `id_user` = 1', 0)
 2 SYSTEMPATH\Database\BaseConnection.php(693): CodeIgniter\Database\MySQLi\Connection->execute('SELECT `carts`.`id title description` `price`
FROM `carts`
JOIN `products` ON `carts`.`id_product`=`products`.`id`
WHERE `id_user` = 1')
 3 SYSTEMPATH\Database\BaseConnection.php(620): CodeIgniter\Database\BaseConnection->simpleQuery('SELECT `carts`.`id title description` `price`
FROM `carts`
JOIN `products` ON `carts`.`id_product`=`products`.`id`
WHERE `id_user` = 1')
 4 SYSTEMPATH\Database\BaseBuilder.php(1585): CodeIgniter\Database\BaseConnection->query('SELECT `carts`.`id title description` `price`
FROM `carts`
JOIN `products` ON `carts`.`id_product`=`products`.`id`
WHERE `id_user` = :id_user:', [...], false)
 5 SYSTEMPATH\Model.php(222): CodeIgniter\Database\BaseBuilder->get()
 6 SYSTEMPATH\BaseModel.php(584): CodeIgniter\Model->doFindAll(0, 0)
 7 APPPATH\Models\CartModel.php(23): CodeIgniter\BaseModel->findAll()
 8 APPPATH\Controllers\User\Cart.php(23): App\Models\CartModel->findByUser(1)
 9 SYSTEMPATH\CodeIgniter.php(904): App\Controllers\User\Cart->index()
10 SYSTEMPATH\CodeIgniter.php(457): CodeIgniter\CodeIgniter->runController(Object(App\Controllers\User\Cart))
11 SYSTEMPATH\CodeIgniter.php(340): CodeIgniter\CodeIgniter->handleRequest(null, Object(Config\Cache), false)
12 FCPATH\index.php(67): CodeIgniter\CodeIgniter->run()
13 SYSTEMPATH\Commands\Server\rewrite.php(43): require_once('FCPATH\\index.php')
ERROR - 2022-08-15 15:40:34 --> mysqli_sql_exception: You have an error in your SQL syntax; check the manual that corresponds to your MariaDB server version for the right syntax to use near '.`title`
FROM `carts`
JOIN `products` ON `carts`.`id_product`=`products`.`id`...' at line 1 in C:\xampp\htdocs\bnsp\system\Database\MySQLi\Connection.php:292
Stack trace:
#0 C:\xampp\htdocs\bnsp\system\Database\MySQLi\Connection.php(292): mysqli->query('SELECT `carts`....', 0)
#1 C:\xampp\htdocs\bnsp\system\Database\BaseConnection.php(693): CodeIgniter\Database\MySQLi\Connection->execute('SELECT `carts`....')
#2 C:\xampp\htdocs\bnsp\system\Database\BaseConnection.php(620): CodeIgniter\Database\BaseConnection->simpleQuery('SELECT `carts`....')
#3 C:\xampp\htdocs\bnsp\system\Database\BaseBuilder.php(1585): CodeIgniter\Database\BaseConnection->query('SELECT `carts`....', Array, false)
#4 C:\xampp\htdocs\bnsp\system\Model.php(222): CodeIgniter\Database\BaseBuilder->get()
#5 C:\xampp\htdocs\bnsp\system\BaseModel.php(584): CodeIgniter\Model->doFindAll(0, 0)
#6 C:\xampp\htdocs\bnsp\app\Models\CartModel.php(23): CodeIgniter\BaseModel->findAll()
#7 C:\xampp\htdocs\bnsp\app\Controllers\User\Cart.php(23): App\Models\CartModel->findByUser(1)
#8 C:\xampp\htdocs\bnsp\system\CodeIgniter.php(904): App\Controllers\User\Cart->index()
#9 C:\xampp\htdocs\bnsp\system\CodeIgniter.php(457): CodeIgniter\CodeIgniter->runController(Object(App\Controllers\User\Cart))
#10 C:\xampp\htdocs\bnsp\system\CodeIgniter.php(340): CodeIgniter\CodeIgniter->handleRequest(NULL, Object(Config\Cache), false)
#11 C:\xampp\htdocs\bnsp\public\index.php(67): CodeIgniter\CodeIgniter->run()
#12 C:\xampp\htdocs\bnsp\system\Commands\Server\rewrite.php(43): require_once('C:\\xampp\\htdocs...')
#13 {main}
CRITICAL - 2022-08-15 15:40:34 --> You have an error in your SQL syntax; check the manual that corresponds to your MariaDB server version for the right syntax to use near '.`title`
FROM `carts`
JOIN `products` ON `carts`.`id_product`=`products`.`id`...' at line 1
in SYSTEMPATH\Database\MySQLi\Connection.php on line 292.
 1 SYSTEMPATH\Database\MySQLi\Connection.php(292): mysqli->query('SELECT `carts`.`id` `products`.`title`
FROM `carts`
JOIN `products` ON `carts`.`id_product`=`products`.`id`
WHERE `id_user` = 1', 0)
 2 SYSTEMPATH\Database\BaseConnection.php(693): CodeIgniter\Database\MySQLi\Connection->execute('SELECT `carts`.`id` `products`.`title`
FROM `carts`
JOIN `products` ON `carts`.`id_product`=`products`.`id`
WHERE `id_user` = 1')
 3 SYSTEMPATH\Database\BaseConnection.php(620): CodeIgniter\Database\BaseConnection->simpleQuery('SELECT `carts`.`id` `products`.`title`
FROM `carts`
JOIN `products` ON `carts`.`id_product`=`products`.`id`
WHERE `id_user` = 1')
 4 SYSTEMPATH\Database\BaseBuilder.php(1585): CodeIgniter\Database\BaseConnection->query('SELECT `carts`.`id` `products`.`title`
FROM `carts`
JOIN `products` ON `carts`.`id_product`=`products`.`id`
WHERE `id_user` = :id_user:', [...], false)
 5 SYSTEMPATH\Model.php(222): CodeIgniter\Database\BaseBuilder->get()
 6 SYSTEMPATH\BaseModel.php(584): CodeIgniter\Model->doFindAll(0, 0)
 7 APPPATH\Models\CartModel.php(23): CodeIgniter\BaseModel->findAll()
 8 APPPATH\Controllers\User\Cart.php(23): App\Models\CartModel->findByUser(1)
 9 SYSTEMPATH\CodeIgniter.php(904): App\Controllers\User\Cart->index()
10 SYSTEMPATH\CodeIgniter.php(457): CodeIgniter\CodeIgniter->runController(Object(App\Controllers\User\Cart))
11 SYSTEMPATH\CodeIgniter.php(340): CodeIgniter\CodeIgniter->handleRequest(null, Object(Config\Cache), false)
12 FCPATH\index.php(67): CodeIgniter\CodeIgniter->run()
13 SYSTEMPATH\Commands\Server\rewrite.php(43): require_once('FCPATH\\index.php')
ERROR - 2022-08-15 15:41:06 --> mysqli_sql_exception: Unknown column 'desription' in 'field list' in C:\xampp\htdocs\bnsp\system\Database\MySQLi\Connection.php:292
Stack trace:
#0 C:\xampp\htdocs\bnsp\system\Database\MySQLi\Connection.php(292): mysqli->query('SELECT `carts`....', 0)
#1 C:\xampp\htdocs\bnsp\system\Database\BaseConnection.php(693): CodeIgniter\Database\MySQLi\Connection->execute('SELECT `carts`....')
#2 C:\xampp\htdocs\bnsp\system\Database\BaseConnection.php(620): CodeIgniter\Database\BaseConnection->simpleQuery('SELECT `carts`....')
#3 C:\xampp\htdocs\bnsp\system\Database\BaseBuilder.php(1585): CodeIgniter\Database\BaseConnection->query('SELECT `carts`....', Array, false)
#4 C:\xampp\htdocs\bnsp\system\Model.php(222): CodeIgniter\Database\BaseBuilder->get()
#5 C:\xampp\htdocs\bnsp\system\BaseModel.php(584): CodeIgniter\Model->doFindAll(0, 0)
#6 C:\xampp\htdocs\bnsp\app\Models\CartModel.php(23): CodeIgniter\BaseModel->findAll()
#7 C:\xampp\htdocs\bnsp\app\Controllers\User\Cart.php(23): App\Models\CartModel->findByUser(1)
#8 C:\xampp\htdocs\bnsp\system\CodeIgniter.php(904): App\Controllers\User\Cart->index()
#9 C:\xampp\htdocs\bnsp\system\CodeIgniter.php(457): CodeIgniter\CodeIgniter->runController(Object(App\Controllers\User\Cart))
#10 C:\xampp\htdocs\bnsp\system\CodeIgniter.php(340): CodeIgniter\CodeIgniter->handleRequest(NULL, Object(Config\Cache), false)
#11 C:\xampp\htdocs\bnsp\public\index.php(67): CodeIgniter\CodeIgniter->run()
#12 C:\xampp\htdocs\bnsp\system\Commands\Server\rewrite.php(43): require_once('C:\\xampp\\htdocs...')
#13 {main}
CRITICAL - 2022-08-15 15:41:06 --> Unknown column 'desription' in 'field list'
in SYSTEMPATH\Database\MySQLi\Connection.php on line 292.
 1 SYSTEMPATH\Database\MySQLi\Connection.php(292): mysqli->query('SELECT `carts`.`id`, `title`, `desription`, `price`
FROM `carts`
JOIN `products` ON `carts`.`id_product`=`products`.`id`
WHERE `id_user` = 1', 0)
 2 SYSTEMPATH\Database\BaseConnection.php(693): CodeIgniter\Database\MySQLi\Connection->execute('SELECT `carts`.`id`, `title`, `desription`, `price`
FROM `carts`
JOIN `products` ON `carts`.`id_product`=`products`.`id`
WHERE `id_user` = 1')
 3 SYSTEMPATH\Database\BaseConnection.php(620): CodeIgniter\Database\BaseConnection->simpleQuery('SELECT `carts`.`id`, `title`, `desription`, `price`
FROM `carts`
JOIN `products` ON `carts`.`id_product`=`products`.`id`
WHERE `id_user` = 1')
 4 SYSTEMPATH\Database\BaseBuilder.php(1585): CodeIgniter\Database\BaseConnection->query('SELECT `carts`.`id`, `title`, `desription`, `price`
FROM `carts`
JOIN `products` ON `carts`.`id_product`=`products`.`id`
WHERE `id_user` = :id_user:', [...], false)
 5 SYSTEMPATH\Model.php(222): CodeIgniter\Database\BaseBuilder->get()
 6 SYSTEMPATH\BaseModel.php(584): CodeIgniter\Model->doFindAll(0, 0)
 7 APPPATH\Models\CartModel.php(23): CodeIgniter\BaseModel->findAll()
 8 APPPATH\Controllers\User\Cart.php(23): App\Models\CartModel->findByUser(1)
 9 SYSTEMPATH\CodeIgniter.php(904): App\Controllers\User\Cart->index()
10 SYSTEMPATH\CodeIgniter.php(457): CodeIgniter\CodeIgniter->runController(Object(App\Controllers\User\Cart))
11 SYSTEMPATH\CodeIgniter.php(340): CodeIgniter\CodeIgniter->handleRequest(null, Object(Config\Cache), false)
12 FCPATH\index.php(67): CodeIgniter\CodeIgniter->run()
13 SYSTEMPATH\Commands\Server\rewrite.php(43): require_once('FCPATH\\index.php')
